<?xml version="1.0" encoding="UTF-8"?>
<robot generator="Robot 6.0.2 (Python 3.11.2 on win32)" generated="20230211 12:27:11.351" rpa="false" schemaversion="3">
<suite id="s1" name="TestRobot" source="D:\Git\TEST\TestRobot.robot">
<test id="s1-t1" name="Test Open Browser" line="12">
<kw name="Open Browser" library="SeleniumLibrary">
<arg>${URL}</arg>
<arg>${Browser}</arg>
<doc>Opens a new browser instance to the optional ``url``.</doc>
<msg timestamp="20230211 12:27:12.082" level="FAIL">Variable '${URL}' not found.</msg>
<status status="FAIL" starttime="20230211 12:27:12.081" endtime="20230211 12:27:12.082"/>
</kw>
<status status="FAIL" starttime="20230211 12:27:12.080" endtime="20230211 12:27:12.083">Variable '${URL}' not found.</status>
</test>
<status status="FAIL" starttime="20230211 12:27:11.356" endtime="20230211 12:27:12.086"/>
</suite>
<statistics>
<total>
<stat pass="0" fail="1" skip="0">All Tests</stat>
</total>
<tag>
</tag>
<suite>
<stat pass="0" fail="1" skip="0" id="s1" name="TestRobot">TestRobot</stat>
</suite>
</statistics>
<errors>
<msg timestamp="20230211 12:27:11.357" level="ERROR">Error in file 'D:\Git\TEST\TestRobot.robot' on line 5: Setting variable '${URL} https://www.google.com/' failed: Invalid variable name '${URL} https://www.google.com/'.</msg>
<msg timestamp="20230211 12:27:11.359" level="ERROR">Error in file 'D:\Git\TEST\TestRobot.robot' on line 6: Setting variable '${Browser} chrome' failed: Invalid variable name '${Browser} chrome'.</msg>
</errors>
</robot>
